<?xml version="1.0" encoding="UTF-8"?>
<!-- Generated by org.testng.reporters.JUnitReportReporter -->
<testsuite hostname="DESKTOP-SSF70G1" failures="0" tests="4" name="com.Amokart.kidsproducttest.KidsProducttest2" time="0.008" errors="0" timestamp="2024-08-05T12:41:21 IST" skipped="0">
  <testcase classname="com.Amokart.kidsproducttest.KidsProducttest2" name="addProduct" time="0.002"/>
  <system-out>
    <![CDATA[Addproduct--Kids PRD Sucessfuly]]>
  </system-out>
  <testcase classname="com.Amokart.kidsproducttest.KidsProducttest2" name="addProduct" time="0.002"/>
  <system-out>
    <![CDATA[Addproduct--Kids PRD Sucessfuly]]>
  </system-out>
  <testcase classname="com.Amokart.kidsproducttest.KidsProducttest2" name="addProduct" time="0.002"/>
  <system-out>
    <![CDATA[Addproduct--Kids PRD Sucessfuly]]>
  </system-out>
  <testcase classname="com.Amokart.kidsproducttest.KidsProducttest2" name="addProduct" time="0.002"/>
  <system-out>
    <![CDATA[Addproduct--Kids PRD Sucessfuly]]>
  </system-out>
</testsuite> <!-- com.Amokart.kidsproducttest.KidsProducttest2 -->
