<?xml version="1.0" encoding="UTF-8"?>
<!-- Generated by org.testng.reporters.JUnitReportReporter -->
<testsuite hostname="DESKTOP-SSF70G1" failures="0" tests="4" name="com.Amokart.registertest.RegisterTest" time="37.483" errors="0" timestamp="2024-08-08T11:07:23 IST" skipped="1">
  <testcase classname="com.Amokart.registertest.RegisterTest" name="createUser_invalidData" time="12.514"/>
  <system-out>
    <![CDATA[createUser_InvalidData for Register Test]]>
  </system-out>
  <testcase classname="com.Amokart.registertest.RegisterTest" name="createUser_invalidData" time="12.498"/>
  <system-out>
    <![CDATA[createUser_InvalidData for Register Test]]>
  </system-out>
  <testcase classname="com.Amokart.registertest.RegisterTest" name="createUser_invalidData" time="12.471"/>
  <system-out>
    <![CDATA[createUser_InvalidData for Register Test]]>
  </system-out>
  <testcase classname="com.Amokart.registertest.RegisterTest" name="createUser_validData">
    <skipped/>
  </testcase> <!-- createUser_validData -->
  <system-out/>
</testsuite> <!-- com.Amokart.registertest.RegisterTest -->
